0 info it worked if it ends with ok
1 verbose cli [ '/home/tyler/.nvm/versions/node/v6.9.4/bin/node',
1 verbose cli   '/home/tyler/.nvm/versions/node/v6.9.4/bin/npm',
1 verbose cli   'run',
1 verbose cli   'dev' ]
2 info using npm@3.10.10
3 info using node@v6.9.4
4 verbose run-script [ 'predev', 'dev', 'postdev' ]
5 info lifecycle nertz@1.0.0~predev: nertz@1.0.0
6 silly lifecycle nertz@1.0.0~predev: no script for predev, continuing
7 info lifecycle nertz@1.0.0~dev: nertz@1.0.0
8 verbose lifecycle nertz@1.0.0~dev: unsafe-perm in lifecycle true
9 verbose lifecycle nertz@1.0.0~dev: PATH: /home/tyler/.nvm/versions/node/v6.9.4/lib/node_modules/npm/bin/node-gyp-bin:/home/tyler/Desktop/Nertz/node_modules/.bin:/home/tyler/.nvm/versions/node/v6.9.4/bin:/home/tyler/.rbenv/plugins/ruby-build/bin:/home/tyler/.rbenv/shims:/home/tyler/.rbenv/bin:/home/tyler/bin:/home/tyler/.local/bin:/usr/local/sbin:/usr/local/bin:/usr/sbin:/usr/bin:/sbin:/bin:/usr/games:/usr/local/games:/snap/bin
10 verbose lifecycle nertz@1.0.0~dev: CWD: /home/tyler/Desktop/Nertz
11 silly lifecycle nertz@1.0.0~dev: Args: [ '-c', 'node server --env=dev' ]
12 silly lifecycle nertz@1.0.0~dev: Returned: code: 1  signal: null
13 info lifecycle nertz@1.0.0~dev: Failed to exec dev script
14 verbose stack Error: nertz@1.0.0 dev: `node server --env=dev`
14 verbose stack Exit status 1
14 verbose stack     at EventEmitter.<anonymous> (/home/tyler/.nvm/versions/node/v6.9.4/lib/node_modules/npm/lib/utils/lifecycle.js:255:16)
14 verbose stack     at emitTwo (events.js:106:13)
14 verbose stack     at EventEmitter.emit (events.js:191:7)
14 verbose stack     at ChildProcess.<anonymous> (/home/tyler/.nvm/versions/node/v6.9.4/lib/node_modules/npm/lib/utils/spawn.js:40:14)
14 verbose stack     at emitTwo (events.js:106:13)
14 verbose stack     at ChildProcess.emit (events.js:191:7)
14 verbose stack     at maybeClose (internal/child_process.js:877:16)
14 verbose stack     at Process.ChildProcess._handle.onexit (internal/child_process.js:226:5)
15 verbose pkgid nertz@1.0.0
16 verbose cwd /home/tyler/Desktop/Nertz
17 error Linux 4.4.0-59-generic
18 error argv "/home/tyler/.nvm/versions/node/v6.9.4/bin/node" "/home/tyler/.nvm/versions/node/v6.9.4/bin/npm" "run" "dev"
19 error node v6.9.4
20 error npm  v3.10.10
21 error code ELIFECYCLE
22 error nertz@1.0.0 dev: `node server --env=dev`
22 error Exit status 1
23 error Failed at the nertz@1.0.0 dev script 'node server --env=dev'.
23 error Make sure you have the latest version of node.js and npm installed.
23 error If you do, this is most likely a problem with the nertz package,
23 error not with npm itself.
23 error Tell the author that this fails on your system:
23 error     node server --env=dev
23 error You can get information on how to open an issue for this project with:
23 error     npm bugs nertz
23 error Or if that isn't available, you can get their info via:
23 error     npm owner ls nertz
23 error There is likely additional logging output above.
24 verbose exit [ 1, true ]
